﻿

Sequence created


Sequence created


Sequence created


Sequence created


Sequence created


Sequence created


Sequence created


Table created


Table created


Table created


Table created


Table created


Table created


Table created


Table created


Table created


Table created


Table created


Table created


Table created


Table altered


Table altered


Table altered


Table altered


Table altered


Table altered


Table altered


Table altered


Table altered


Table altered


Table altered


Table altered


Table altered


Type created


Type created


Type created


Type created


Type created


Type created


Type created


Type created


Type created


Type created


Type created


Type created


Type created


Type created


Package created


Package body created


Package created


Package body created


Package created


Package body created


Package created


Package body created


Package created


Package body created


Package created


Package body created


Package created


Package body created


Package created


Package body created


Package created


Package body created


Function created


Function created


Trigger created


Trigger created


Trigger created


Trigger created


Trigger created


Trigger created


Trigger created


Trigger created


Trigger created


Trigger created


Trigger created


Trigger created


Trigger created


Trigger created


Trigger created


Trigger created


Trigger created


Trigger created


View created


View created


View created


View created


View created


1 row inserted


1 row inserted


1 row inserted


1 row inserted


Commit complete


1 row inserted


1 row inserted


1 row inserted


1 row inserted


1 row inserted


1 row inserted


1 row inserted


1 row inserted


1 row inserted


1 row inserted


Commit complete


1 row inserted


1 row inserted


1 row inserted


1 row inserted


1 row inserted


1 row inserted


1 row inserted


1 row inserted


1 row inserted


1 row inserted


1 row inserted


1 row inserted


1 row inserted


1 row inserted


1 row inserted


1 row inserted


1 row inserted


1 row inserted


1 row inserted


1 row inserted


1 row inserted


1 row inserted


1 row inserted


Commit complete


1 row inserted


1 row inserted


1 row inserted


1 row inserted


1 row inserted


1 row inserted


1 row inserted


1 row inserted


1 row inserted


1 row inserted


1 row inserted


1 row inserted


1 row inserted


1 row inserted


1 row inserted


1 row inserted


1 row inserted


1 row inserted


1 row inserted


1 row inserted


1 row inserted


1 row inserted


1 row inserted


1 row inserted


1 row inserted


1 row inserted


Commit complete


1 row inserted


1 row inserted


1 row inserted


1 row inserted


1 row inserted


1 row inserted


1 row inserted


1 row inserted


1 row inserted


1 row inserted


1 row inserted


1 row inserted


1 row inserted


1 row inserted


1 row inserted


1 row inserted


1 row inserted


1 row inserted


1 row inserted


1 row inserted


1 row inserted


1 row inserted


1 row inserted


1 row inserted


1 row inserted


1 row inserted


1 row inserted


Commit complete


1 row inserted


1 row inserted


1 row inserted


1 row inserted


1 row inserted


1 row inserted


1 row inserted


1 row inserted


1 row inserted


1 row inserted


1 row inserted


1 row inserted


1 row inserted


1 row inserted


1 row inserted


1 row inserted


1 row inserted


1 row inserted


1 row inserted


1 row inserted


1 row inserted


1 row inserted


1 row inserted


1 row inserted


1 row inserted


1 row inserted


1 row inserted


1 row inserted


1 row inserted


1 row inserted


1 row inserted


1 row inserted


1 row inserted


1 row inserted


1 row inserted


1 row inserted


1 row inserted


1 row inserted


1 row inserted


1 row inserted


1 row inserted


1 row inserted


1 row inserted


1 row inserted


1 row inserted


Commit complete


PL/SQL procedure successfully completed

